<?xml version="1.0" encoding="UTF-8"?>
<!-- Generated by org.testng.reporters.JUnitReportReporter -->
<testsuite hostname="HarPalDiv" failures="0" tests="1" name="com.practice.PageTest" time="2.911" errors="0" timestamp="2023-03-20T00:59:31 IST" skipped="0">
  <testcase classname="com.practice.PageTest" name="testMethod1" time="2.911"/>
  <system-out/>
</testsuite> <!-- com.practice.PageTest -->
